{"C:\\Yugo\\Hacktiv8\\Phase 3\\Week 3\\Final Project\\V6\\Waroeng-App-Server\\server\\index.js": {"path":"C:\\Yugo\\Hacktiv8\\Phase 3\\Week 3\\Final Project\\V6\\Waroeng-App-Server\\server\\index.js","statementMap":{"0":{"start":{"line":1,"column":0},"end":{"line":3,"column":1}},"1":{"start":{"line":2,"column":2},"end":{"line":2,"column":29}},"2":{"start":{"line":5,"column":25},"end":{"line":5,"column":50}},"3":{"start":{"line":6,"column":34},"end":{"line":6,"column":70}},"4":{"start":{"line":11,"column":4},"end":{"line":11,"column":28}},"5":{"start":{"line":12,"column":24},"end":{"line":12,"column":48}},"6":{"start":{"line":17,"column":4},"end":{"line":17,"column":29}},"7":{"start":{"line":22,"column":4},"end":{"line":22,"column":35}},"8":{"start":{"line":27,"column":4},"end":{"line":27,"column":28}},"9":{"start":{"line":32,"column":4},"end":{"line":32,"column":30}},"10":{"start":{"line":35,"column":17},"end":{"line":51,"column":4}},"11":{"start":{"line":53,"column":18},"end":{"line":73,"column":4}},"12":{"start":{"line":56,"column":6},"end":{"line":71,"column":8}},"13":{"start":{"line":58,"column":25},"end":{"line":58,"column":50}},"14":{"start":{"line":59,"column":10},"end":{"line":61,"column":11}},"15":{"start":{"line":60,"column":12},"end":{"line":60,"column":44}},"16":{"start":{"line":63,"column":32},"end":{"line":63,"column":49}},"17":{"start":{"line":64,"column":10},"end":{"line":66,"column":11}},"18":{"start":{"line":65,"column":12},"end":{"line":65,"column":44}},"19":{"start":{"line":68,"column":26},"end":{"line":68,"column":44}},"20":{"start":{"line":69,"column":10},"end":{"line":69,"column":25}},"21":{"start":{"line":74,"column":2},"end":{"line":74,"column":45}},"22":{"start":{"line":75,"column":2},"end":{"line":78,"column":4}},"23":{"start":{"line":81,"column":0},"end":{"line":83,"column":1}},"24":{"start":{"line":82,"column":2},"end":{"line":82,"column":23}},"25":{"start":{"line":85,"column":0},"end":{"line":85,"column":40}}},"fnMap":{"0":{"name":"createApolloServer","decl":{"start":{"line":34,"column":15},"end":{"line":34,"column":33}},"loc":{"start":{"line":34,"column":61},"end":{"line":79,"column":1}},"line":34},"1":{"name":"(anonymous_1)","decl":{"start":{"line":55,"column":13},"end":{"line":55,"column":14}},"loc":{"start":{"line":55,"column":37},"end":{"line":72,"column":5}},"line":55},"2":{"name":"(anonymous_2)","decl":{"start":{"line":57,"column":14},"end":{"line":57,"column":15}},"loc":{"start":{"line":57,"column":20},"end":{"line":70,"column":9}},"line":57}},"branchMap":{"0":{"loc":{"start":{"line":1,"column":0},"end":{"line":3,"column":1}},"type":"if","locations":[{"start":{"line":1,"column":0},"end":{"line":3,"column":1}},{"start":{},"end":{}}],"line":1},"1":{"loc":{"start":{"line":34,"column":34},"end":{"line":34,"column":59}},"type":"default-arg","locations":[{"start":{"line":34,"column":45},"end":{"line":34,"column":59}}],"line":34},"2":{"loc":{"start":{"line":59,"column":10},"end":{"line":61,"column":11}},"type":"if","locations":[{"start":{"line":59,"column":10},"end":{"line":61,"column":11}},{"start":{},"end":{}}],"line":59},"3":{"loc":{"start":{"line":64,"column":10},"end":{"line":66,"column":11}},"type":"if","locations":[{"start":{"line":64,"column":10},"end":{"line":66,"column":11}},{"start":{},"end":{}}],"line":64},"4":{"loc":{"start":{"line":81,"column":0},"end":{"line":83,"column":1}},"type":"if","locations":[{"start":{"line":81,"column":0},"end":{"line":83,"column":1}},{"start":{},"end":{}}],"line":81}},"s":{"0":1,"1":1,"2":1,"3":1,"4":1,"5":1,"6":1,"7":1,"8":1,"9":1,"10":1,"11":1,"12":13,"13":0,"14":0,"15":0,"16":0,"17":0,"18":0,"19":0,"20":0,"21":1,"22":1,"23":1,"24":0,"25":1},"f":{"0":1,"1":13,"2":0},"b":{"0":[1,0],"1":[0],"2":[0,0],"3":[0,0],"4":[0,1]},"_coverageSchema":"1a1c01bbd47fc00a2c39e90264f33305004495a9","hash":"e70e4b0308108273c8c0dba6a9df67636a330e8c"}
,"C:\\Yugo\\Hacktiv8\\Phase 3\\Week 3\\Final Project\\V6\\Waroeng-App-Server\\server\\config\\mongodb.js": {"path":"C:\\Yugo\\Hacktiv8\\Phase 3\\Week 3\\Final Project\\V6\\Waroeng-App-Server\\server\\config\\mongodb.js","statementMap":{"0":{"start":{"line":1,"column":42},"end":{"line":1,"column":60}},"1":{"start":{"line":2,"column":12},"end":{"line":2,"column":36}},"2":{"start":{"line":4,"column":15},"end":{"line":10,"column":2}},"3":{"start":{"line":12,"column":15},"end":{"line":12,"column":41}},"4":{"start":{"line":14,"column":0},"end":{"line":16,"column":1}},"5":{"start":{"line":15,"column":2},"end":{"line":15,"column":45}},"6":{"start":{"line":28,"column":0},"end":{"line":28,"column":30}}},"fnMap":{},"branchMap":{"0":{"loc":{"start":{"line":14,"column":0},"end":{"line":16,"column":1}},"type":"if","locations":[{"start":{"line":14,"column":0},"end":{"line":16,"column":1}},{"start":{},"end":{}}],"line":14}},"s":{"0":1,"1":1,"2":1,"3":1,"4":1,"5":1,"6":1},"f":{},"b":{"0":[1,0]},"_coverageSchema":"1a1c01bbd47fc00a2c39e90264f33305004495a9","hash":"7471f70aec064c43450879ce40c85387293ca9c0"}
,"C:\\Yugo\\Hacktiv8\\Phase 3\\Week 3\\Final Project\\V6\\Waroeng-App-Server\\server\\config\\redis.js": {"path":"C:\\Yugo\\Hacktiv8\\Phase 3\\Week 3\\Final Project\\V6\\Waroeng-App-Server\\server\\config\\redis.js","statementMap":{"0":{"start":{"line":1,"column":18},"end":{"line":1,"column":36}},"1":{"start":{"line":3,"column":14},"end":{"line":8,"column":2}},"2":{"start":{"line":10,"column":0},"end":{"line":10,"column":23}}},"fnMap":{},"branchMap":{},"s":{"0":1,"1":1,"2":1},"f":{},"b":{},"_coverageSchema":"1a1c01bbd47fc00a2c39e90264f33305004495a9","hash":"4741e652cc27e02e7cc1149a50e72d928c62fb84"}
,"C:\\Yugo\\Hacktiv8\\Phase 3\\Week 3\\Final Project\\V6\\Waroeng-App-Server\\server\\helpers\\bcrypt.js": {"path":"C:\\Yugo\\Hacktiv8\\Phase 3\\Week 3\\Final Project\\V6\\Waroeng-App-Server\\server\\helpers\\bcrypt.js","statementMap":{"0":{"start":{"line":1,"column":15},"end":{"line":1,"column":34}},"1":{"start":{"line":3,"column":13},"end":{"line":3,"column":35}},"2":{"start":{"line":6,"column":4},"end":{"line":6,"column":45}},"3":{"start":{"line":9,"column":0},"end":{"line":9,"column":33}}},"fnMap":{"0":{"name":"hashPassword","decl":{"start":{"line":5,"column":9},"end":{"line":5,"column":21}},"loc":{"start":{"line":5,"column":32},"end":{"line":7,"column":1}},"line":5}},"branchMap":{},"s":{"0":1,"1":1,"2":1,"3":1},"f":{"0":1},"b":{},"_coverageSchema":"1a1c01bbd47fc00a2c39e90264f33305004495a9","hash":"5457b41bc0312f53e383f6825cb27daaeb92783f"}
,"C:\\Yugo\\Hacktiv8\\Phase 3\\Week 3\\Final Project\\V6\\Waroeng-App-Server\\server\\helpers\\jwt.js": {"path":"C:\\Yugo\\Hacktiv8\\Phase 3\\Week 3\\Final Project\\V6\\Waroeng-App-Server\\server\\helpers\\jwt.js","statementMap":{"0":{"start":{"line":1,"column":0},"end":{"line":1,"column":27}},"1":{"start":{"line":2,"column":12},"end":{"line":2,"column":35}},"2":{"start":{"line":4,"column":19},"end":{"line":4,"column":41}},"3":{"start":{"line":7,"column":4},"end":{"line":7,"column":40}},"4":{"start":{"line":11,"column":4},"end":{"line":11,"column":42}},"5":{"start":{"line":14,"column":0},"end":{"line":14,"column":43}}},"fnMap":{"0":{"name":"signToken","decl":{"start":{"line":6,"column":9},"end":{"line":6,"column":18}},"loc":{"start":{"line":6,"column":25},"end":{"line":8,"column":1}},"line":6},"1":{"name":"verifyToken","decl":{"start":{"line":10,"column":9},"end":{"line":10,"column":20}},"loc":{"start":{"line":10,"column":28},"end":{"line":12,"column":1}},"line":10}},"branchMap":{},"s":{"0":1,"1":1,"2":1,"3":1,"4":0,"5":1},"f":{"0":1,"1":0},"b":{},"_coverageSchema":"1a1c01bbd47fc00a2c39e90264f33305004495a9","hash":"cc955bc5feddfee49449d4e84f3f1a7d0fdba774"}
,"C:\\Yugo\\Hacktiv8\\Phase 3\\Week 3\\Final Project\\V6\\Waroeng-App-Server\\server\\helpers\\profitReport.js": {"path":"C:\\Yugo\\Hacktiv8\\Phase 3\\Week 3\\Final Project\\V6\\Waroeng-App-Server\\server\\helpers\\profitReport.js","statementMap":{"0":{"start":{"line":1,"column":21},"end":{"line":16,"column":1}},"1":{"start":{"line":2,"column":2},"end":{"line":15,"column":4}},"2":{"start":{"line":4,"column":6},"end":{"line":10,"column":7}},"3":{"start":{"line":5,"column":8},"end":{"line":5,"column":28}},"4":{"start":{"line":6,"column":8},"end":{"line":6,"column":33}},"5":{"start":{"line":7,"column":13},"end":{"line":10,"column":7}},"6":{"start":{"line":8,"column":8},"end":{"line":8,"column":28}},"7":{"start":{"line":9,"column":8},"end":{"line":9,"column":34}},"8":{"start":{"line":11,"column":6},"end":{"line":11,"column":35}},"9":{"start":{"line":12,"column":6},"end":{"line":12,"column":17}},"10":{"start":{"line":18,"column":0},"end":{"line":18,"column":30}}},"fnMap":{"0":{"name":"(anonymous_0)","decl":{"start":{"line":1,"column":21},"end":{"line":1,"column":22}},"loc":{"start":{"line":1,"column":39},"end":{"line":16,"column":1}},"line":1},"1":{"name":"(anonymous_1)","decl":{"start":{"line":3,"column":4},"end":{"line":3,"column":5}},"loc":{"start":{"line":3,"column":35},"end":{"line":13,"column":5}},"line":3}},"branchMap":{"0":{"loc":{"start":{"line":4,"column":6},"end":{"line":10,"column":7}},"type":"if","locations":[{"start":{"line":4,"column":6},"end":{"line":10,"column":7}},{"start":{"line":7,"column":13},"end":{"line":10,"column":7}}],"line":4},"1":{"loc":{"start":{"line":7,"column":13},"end":{"line":10,"column":7}},"type":"if","locations":[{"start":{"line":7,"column":13},"end":{"line":10,"column":7}},{"start":{},"end":{}}],"line":7}},"s":{"0":1,"1":0,"2":0,"3":0,"4":0,"5":0,"6":0,"7":0,"8":0,"9":0,"10":1},"f":{"0":0,"1":0},"b":{"0":[0,0],"1":[0,0]},"_coverageSchema":"1a1c01bbd47fc00a2c39e90264f33305004495a9","hash":"dff051428da3d14523d198fc2f16217c7a11204f"}
,"C:\\Yugo\\Hacktiv8\\Phase 3\\Week 3\\Final Project\\V6\\Waroeng-App-Server\\server\\models\\ItemModels.js": {"path":"C:\\Yugo\\Hacktiv8\\Phase 3\\Week 3\\Final Project\\V6\\Waroeng-App-Server\\server\\models\\ItemModels.js","statementMap":{"0":{"start":{"line":1,"column":21},"end":{"line":1,"column":49}},"1":{"start":{"line":5,"column":4},"end":{"line":5,"column":40}},"2":{"start":{"line":8,"column":16},"end":{"line":8,"column":71}},"3":{"start":{"line":10,"column":4},"end":{"line":10,"column":15}},"4":{"start":{"line":14,"column":16},"end":{"line":17,"column":6}},"5":{"start":{"line":18,"column":4},"end":{"line":18,"column":15}},"6":{"start":{"line":23,"column":4},"end":{"line":23,"column":55}},"7":{"start":{"line":29,"column":16},"end":{"line":32,"column":5}},"8":{"start":{"line":34,"column":4},"end":{"line":34,"column":64}},"9":{"start":{"line":36,"column":4},"end":{"line":36,"column":72}},"10":{"start":{"line":37,"column":4},"end":{"line":39,"column":5}},"11":{"start":{"line":38,"column":6},"end":{"line":38,"column":60}},"12":{"start":{"line":43,"column":0},"end":{"line":43,"column":22}}},"fnMap":{"0":{"name":"(anonymous_0)","decl":{"start":{"line":4,"column":2},"end":{"line":4,"column":3}},"loc":{"start":{"line":4,"column":26},"end":{"line":6,"column":3}},"line":4},"1":{"name":"(anonymous_1)","decl":{"start":{"line":7,"column":2},"end":{"line":7,"column":3}},"loc":{"start":{"line":7,"column":36},"end":{"line":11,"column":3}},"line":7},"2":{"name":"(anonymous_2)","decl":{"start":{"line":13,"column":2},"end":{"line":13,"column":3}},"loc":{"start":{"line":13,"column":47},"end":{"line":19,"column":3}},"line":13},"3":{"name":"(anonymous_3)","decl":{"start":{"line":21,"column":2},"end":{"line":21,"column":3}},"loc":{"start":{"line":21,"column":32},"end":{"line":24,"column":3}},"line":21},"4":{"name":"(anonymous_4)","decl":{"start":{"line":26,"column":2},"end":{"line":26,"column":3}},"loc":{"start":{"line":26,"column":32},"end":{"line":40,"column":3}},"line":26}},"branchMap":{"0":{"loc":{"start":{"line":37,"column":4},"end":{"line":39,"column":5}},"type":"if","locations":[{"start":{"line":37,"column":4},"end":{"line":39,"column":5}},{"start":{},"end":{}}],"line":37}},"s":{"0":1,"1":0,"2":0,"3":0,"4":0,"5":0,"6":0,"7":0,"8":0,"9":0,"10":0,"11":0,"12":1},"f":{"0":0,"1":0,"2":0,"3":0,"4":0},"b":{"0":[0,0]},"_coverageSchema":"1a1c01bbd47fc00a2c39e90264f33305004495a9","hash":"281b840753485c9e868ef7014658b7c239124383"}
,"C:\\Yugo\\Hacktiv8\\Phase 3\\Week 3\\Final Project\\V6\\Waroeng-App-Server\\server\\models\\ReportModels.js": {"path":"C:\\Yugo\\Hacktiv8\\Phase 3\\Week 3\\Final Project\\V6\\Waroeng-App-Server\\server\\models\\ReportModels.js","statementMap":{"0":{"start":{"line":1,"column":31},"end":{"line":1,"column":59}},"1":{"start":{"line":2,"column":21},"end":{"line":2,"column":55}},"2":{"start":{"line":4,"column":20},"end":{"line":26,"column":1}},"3":{"start":{"line":30,"column":4},"end":{"line":30,"column":42}},"4":{"start":{"line":34,"column":4},"end":{"line":40,"column":17}},"5":{"start":{"line":45,"column":25},"end":{"line":45,"column":71}},"6":{"start":{"line":47,"column":6},"end":{"line":47,"column":32}},"7":{"start":{"line":49,"column":22},"end":{"line":56,"column":5}},"8":{"start":{"line":58,"column":4},"end":{"line":62,"column":6}},"9":{"start":{"line":64,"column":19},"end":{"line":74,"column":16}},"10":{"start":{"line":76,"column":4},"end":{"line":82,"column":5}},"11":{"start":{"line":80,"column":6},"end":{"line":80,"column":77}},"12":{"start":{"line":81,"column":6},"end":{"line":81,"column":61}},"13":{"start":{"line":84,"column":4},"end":{"line":84,"column":21}},"14":{"start":{"line":95,"column":18},"end":{"line":95,"column":32}},"15":{"start":{"line":96,"column":4},"end":{"line":96,"column":31}},"16":{"start":{"line":97,"column":16},"end":{"line":97,"column":30}},"17":{"start":{"line":98,"column":4},"end":{"line":98,"column":34}},"18":{"start":{"line":99,"column":4},"end":{"line":99,"column":59}},"19":{"start":{"line":104,"column":18},"end":{"line":104,"column":32}},"20":{"start":{"line":105,"column":4},"end":{"line":105,"column":21}},"21":{"start":{"line":106,"column":4},"end":{"line":106,"column":31}},"22":{"start":{"line":107,"column":16},"end":{"line":107,"column":30}},"23":{"start":{"line":108,"column":4},"end":{"line":108,"column":37}},"24":{"start":{"line":109,"column":4},"end":{"line":109,"column":19}},"25":{"start":{"line":110,"column":4},"end":{"line":110,"column":34}},"26":{"start":{"line":111,"column":4},"end":{"line":111,"column":59}},"27":{"start":{"line":116,"column":18},"end":{"line":116,"column":32}},"28":{"start":{"line":117,"column":4},"end":{"line":117,"column":25}},"29":{"start":{"line":118,"column":4},"end":{"line":118,"column":31}},"30":{"start":{"line":119,"column":16},"end":{"line":119,"column":30}},"31":{"start":{"line":120,"column":4},"end":{"line":120,"column":25}},"32":{"start":{"line":121,"column":4},"end":{"line":121,"column":34}},"33":{"start":{"line":123,"column":4},"end":{"line":123,"column":59}},"34":{"start":{"line":127,"column":0},"end":{"line":127,"column":24}}},"fnMap":{"0":{"name":"(anonymous_0)","decl":{"start":{"line":29,"column":2},"end":{"line":29,"column":3}},"loc":{"start":{"line":29,"column":28},"end":{"line":31,"column":3}},"line":29},"1":{"name":"(anonymous_1)","decl":{"start":{"line":33,"column":2},"end":{"line":33,"column":3}},"loc":{"start":{"line":33,"column":51},"end":{"line":41,"column":3}},"line":33},"2":{"name":"(anonymous_2)","decl":{"start":{"line":44,"column":2},"end":{"line":44,"column":3}},"loc":{"start":{"line":44,"column":58},"end":{"line":85,"column":3}},"line":44},"3":{"name":"(anonymous_3)","decl":{"start":{"line":94,"column":2},"end":{"line":94,"column":3}},"loc":{"start":{"line":94,"column":45},"end":{"line":100,"column":3}},"line":94},"4":{"name":"(anonymous_4)","decl":{"start":{"line":103,"column":2},"end":{"line":103,"column":3}},"loc":{"start":{"line":103,"column":47},"end":{"line":112,"column":3}},"line":103},"5":{"name":"(anonymous_5)","decl":{"start":{"line":115,"column":2},"end":{"line":115,"column":3}},"loc":{"start":{"line":115,"column":46},"end":{"line":124,"column":3}},"line":115}},"branchMap":{"0":{"loc":{"start":{"line":76,"column":4},"end":{"line":82,"column":5}},"type":"if","locations":[{"start":{"line":76,"column":4},"end":{"line":82,"column":5}},{"start":{},"end":{}}],"line":76},"1":{"loc":{"start":{"line":77,"column":6},"end":{"line":78,"column":66}},"type":"binary-expr","locations":[{"start":{"line":77,"column":6},"end":{"line":77,"column":15}},{"start":{"line":78,"column":6},"end":{"line":78,"column":66}}],"line":77}},"s":{"0":1,"1":1,"2":1,"3":0,"4":0,"5":0,"6":0,"7":0,"8":0,"9":0,"10":0,"11":0,"12":0,"13":0,"14":0,"15":0,"16":0,"17":0,"18":0,"19":0,"20":0,"21":0,"22":0,"23":0,"24":0,"25":0,"26":0,"27":0,"28":0,"29":0,"30":0,"31":0,"32":0,"33":0,"34":1},"f":{"0":0,"1":0,"2":0,"3":0,"4":0,"5":0},"b":{"0":[0,0],"1":[0,0]},"_coverageSchema":"1a1c01bbd47fc00a2c39e90264f33305004495a9","hash":"d007165dd538151750d80e00f9f15a956e989184"}
,"C:\\Yugo\\Hacktiv8\\Phase 3\\Week 3\\Final Project\\V6\\Waroeng-App-Server\\server\\models\\StoreModels.js": {"path":"C:\\Yugo\\Hacktiv8\\Phase 3\\Week 3\\Final Project\\V6\\Waroeng-App-Server\\server\\models\\StoreModels.js","statementMap":{"0":{"start":{"line":1,"column":21},"end":{"line":1,"column":39}},"1":{"start":{"line":2,"column":21},"end":{"line":2,"column":49}},"2":{"start":{"line":3,"column":14},"end":{"line":3,"column":40}},"3":{"start":{"line":7,"column":8},"end":{"line":7,"column":45}},"4":{"start":{"line":11,"column":23},"end":{"line":18,"column":20}},"5":{"start":{"line":20,"column":8},"end":{"line":20,"column":22}},"6":{"start":{"line":24,"column":22},"end":{"line":24,"column":82}},"7":{"start":{"line":26,"column":8},"end":{"line":26,"column":21}},"8":{"start":{"line":30,"column":8},"end":{"line":30,"column":50}},"9":{"start":{"line":31,"column":8},"end":{"line":31,"column":55}},"10":{"start":{"line":33,"column":8},"end":{"line":33,"column":86}},"11":{"start":{"line":33,"column":40},"end":{"line":33,"column":86}},"12":{"start":{"line":34,"column":8},"end":{"line":34,"column":100}},"13":{"start":{"line":34,"column":47},"end":{"line":34,"column":100}},"14":{"start":{"line":35,"column":8},"end":{"line":35,"column":101}},"15":{"start":{"line":35,"column":47},"end":{"line":35,"column":101}},"16":{"start":{"line":36,"column":8},"end":{"line":36,"column":92}},"17":{"start":{"line":36,"column":43},"end":{"line":36,"column":92}},"18":{"start":{"line":37,"column":8},"end":{"line":37,"column":84}},"19":{"start":{"line":37,"column":29},"end":{"line":37,"column":84}},"20":{"start":{"line":39,"column":22},"end":{"line":39,"column":66}},"21":{"start":{"line":41,"column":8},"end":{"line":41,"column":34}},"22":{"start":{"line":43,"column":8},"end":{"line":43,"column":20}},"23":{"start":{"line":47,"column":8},"end":{"line":47,"column":32}},"24":{"start":{"line":48,"column":22},"end":{"line":60,"column":9}},"25":{"start":{"line":62,"column":29},"end":{"line":62,"column":83}},"26":{"start":{"line":64,"column":8},"end":{"line":64,"column":28}},"27":{"start":{"line":68,"column":8},"end":{"line":68,"column":78}},"28":{"start":{"line":72,"column":0},"end":{"line":72,"column":23}}},"fnMap":{"0":{"name":"(anonymous_0)","decl":{"start":{"line":6,"column":4},"end":{"line":6,"column":5}},"loc":{"start":{"line":6,"column":24},"end":{"line":8,"column":5}},"line":6},"1":{"name":"(anonymous_1)","decl":{"start":{"line":10,"column":4},"end":{"line":10,"column":5}},"loc":{"start":{"line":10,"column":35},"end":{"line":21,"column":5}},"line":10},"2":{"name":"(anonymous_2)","decl":{"start":{"line":23,"column":4},"end":{"line":23,"column":5}},"loc":{"start":{"line":23,"column":35},"end":{"line":27,"column":5}},"line":23},"3":{"name":"(anonymous_3)","decl":{"start":{"line":29,"column":4},"end":{"line":29,"column":5}},"loc":{"start":{"line":29,"column":39},"end":{"line":44,"column":5}},"line":29},"4":{"name":"(anonymous_4)","decl":{"start":{"line":46,"column":4},"end":{"line":46,"column":5}},"loc":{"start":{"line":46,"column":82},"end":{"line":65,"column":5}},"line":46},"5":{"name":"(anonymous_5)","decl":{"start":{"line":67,"column":4},"end":{"line":67,"column":5}},"loc":{"start":{"line":67,"column":34},"end":{"line":69,"column":5}},"line":67}},"branchMap":{"0":{"loc":{"start":{"line":33,"column":8},"end":{"line":33,"column":86}},"type":"if","locations":[{"start":{"line":33,"column":8},"end":{"line":33,"column":86}},{"start":{},"end":{}}],"line":33},"1":{"loc":{"start":{"line":34,"column":8},"end":{"line":34,"column":100}},"type":"if","locations":[{"start":{"line":34,"column":8},"end":{"line":34,"column":100}},{"start":{},"end":{}}],"line":34},"2":{"loc":{"start":{"line":35,"column":8},"end":{"line":35,"column":101}},"type":"if","locations":[{"start":{"line":35,"column":8},"end":{"line":35,"column":101}},{"start":{},"end":{}}],"line":35},"3":{"loc":{"start":{"line":36,"column":8},"end":{"line":36,"column":92}},"type":"if","locations":[{"start":{"line":36,"column":8},"end":{"line":36,"column":92}},{"start":{},"end":{}}],"line":36},"4":{"loc":{"start":{"line":37,"column":8},"end":{"line":37,"column":84}},"type":"if","locations":[{"start":{"line":37,"column":8},"end":{"line":37,"column":84}},{"start":{},"end":{}}],"line":37}},"s":{"0":1,"1":1,"2":1,"3":0,"4":0,"5":0,"6":0,"7":0,"8":0,"9":0,"10":0,"11":0,"12":0,"13":0,"14":0,"15":0,"16":0,"17":0,"18":0,"19":0,"20":0,"21":0,"22":0,"23":0,"24":0,"25":0,"26":0,"27":0,"28":1},"f":{"0":0,"1":0,"2":0,"3":0,"4":0,"5":0},"b":{"0":[0,0],"1":[0,0],"2":[0,0],"3":[0,0],"4":[0,0]},"_coverageSchema":"1a1c01bbd47fc00a2c39e90264f33305004495a9","hash":"c53cb4c9ca8dffd225c71dad1473165362c042da"}
,"C:\\Yugo\\Hacktiv8\\Phase 3\\Week 3\\Final Project\\V6\\Waroeng-App-Server\\server\\models\\TransactionModels.js": {"path":"C:\\Yugo\\Hacktiv8\\Phase 3\\Week 3\\Final Project\\V6\\Waroeng-App-Server\\server\\models\\TransactionModels.js","statementMap":{"0":{"start":{"line":1,"column":21},"end":{"line":1,"column":39}},"1":{"start":{"line":2,"column":21},"end":{"line":2,"column":49}},"2":{"start":{"line":6,"column":4},"end":{"line":8,"column":5}},"3":{"start":{"line":7,"column":6},"end":{"line":7,"column":42}},"4":{"start":{"line":10,"column":4},"end":{"line":12,"column":5}},"5":{"start":{"line":11,"column":6},"end":{"line":11,"column":43}},"6":{"start":{"line":14,"column":16},"end":{"line":14,"column":17}},"7":{"start":{"line":15,"column":4},"end":{"line":44,"column":5}},"8":{"start":{"line":16,"column":17},"end":{"line":18,"column":49}},"9":{"start":{"line":19,"column":6},"end":{"line":30,"column":7}},"10":{"start":{"line":20,"column":8},"end":{"line":20,"column":45}},"11":{"start":{"line":22,"column":23},"end":{"line":22,"column":46}},"12":{"start":{"line":24,"column":8},"end":{"line":29,"column":10}},"13":{"start":{"line":32,"column":6},"end":{"line":43,"column":7}},"14":{"start":{"line":33,"column":8},"end":{"line":33,"column":44}},"15":{"start":{"line":35,"column":23},"end":{"line":35,"column":46}},"16":{"start":{"line":37,"column":8},"end":{"line":42,"column":10}},"17":{"start":{"line":45,"column":16},"end":{"line":48,"column":6}},"18":{"start":{"line":46,"column":6},"end":{"line":46,"column":40}},"19":{"start":{"line":47,"column":6},"end":{"line":47,"column":15}},"20":{"start":{"line":50,"column":4},"end":{"line":56,"column":7}},"21":{"start":{"line":57,"column":4},"end":{"line":57,"column":17}},"22":{"start":{"line":61,"column":17},"end":{"line":64,"column":16}},"23":{"start":{"line":65,"column":4},"end":{"line":65,"column":18}},"24":{"start":{"line":69,"column":17},"end":{"line":74,"column":8}},"25":{"start":{"line":75,"column":4},"end":{"line":75,"column":18}},"26":{"start":{"line":79,"column":0},"end":{"line":79,"column":29}}},"fnMap":{"0":{"name":"(anonymous_0)","decl":{"start":{"line":5,"column":2},"end":{"line":5,"column":3}},"loc":{"start":{"line":5,"column":46},"end":{"line":58,"column":3}},"line":5},"1":{"name":"(anonymous_1)","decl":{"start":{"line":45,"column":41},"end":{"line":45,"column":42}},"loc":{"start":{"line":45,"column":48},"end":{"line":48,"column":5}},"line":45},"2":{"name":"(anonymous_2)","decl":{"start":{"line":60,"column":2},"end":{"line":60,"column":3}},"loc":{"start":{"line":60,"column":42},"end":{"line":66,"column":3}},"line":60},"3":{"name":"(anonymous_3)","decl":{"start":{"line":68,"column":2},"end":{"line":68,"column":3}},"loc":{"start":{"line":68,"column":58},"end":{"line":76,"column":3}},"line":68}},"branchMap":{"0":{"loc":{"start":{"line":6,"column":4},"end":{"line":8,"column":5}},"type":"if","locations":[{"start":{"line":6,"column":4},"end":{"line":8,"column":5}},{"start":{},"end":{}}],"line":6},"1":{"loc":{"start":{"line":10,"column":4},"end":{"line":12,"column":5}},"type":"if","locations":[{"start":{"line":10,"column":4},"end":{"line":12,"column":5}},{"start":{},"end":{}}],"line":10},"2":{"loc":{"start":{"line":19,"column":6},"end":{"line":30,"column":7}},"type":"if","locations":[{"start":{"line":19,"column":6},"end":{"line":30,"column":7}},{"start":{},"end":{}}],"line":19},"3":{"loc":{"start":{"line":32,"column":6},"end":{"line":43,"column":7}},"type":"if","locations":[{"start":{"line":32,"column":6},"end":{"line":43,"column":7}},{"start":{},"end":{}}],"line":32}},"s":{"0":1,"1":1,"2":0,"3":0,"4":0,"5":0,"6":0,"7":0,"8":0,"9":0,"10":0,"11":0,"12":0,"13":0,"14":0,"15":0,"16":0,"17":0,"18":0,"19":0,"20":0,"21":0,"22":0,"23":0,"24":0,"25":0,"26":1},"f":{"0":0,"1":0,"2":0,"3":0},"b":{"0":[0,0],"1":[0,0],"2":[0,0],"3":[0,0]},"_coverageSchema":"1a1c01bbd47fc00a2c39e90264f33305004495a9","hash":"4d64635f330d4e25e8e58351f9ca700d95cb9792"}
,"C:\\Yugo\\Hacktiv8\\Phase 3\\Week 3\\Final Project\\V6\\Waroeng-App-Server\\server\\models\\UserModels.js": {"path":"C:\\Yugo\\Hacktiv8\\Phase 3\\Week 3\\Final Project\\V6\\Waroeng-App-Server\\server\\models\\UserModels.js","statementMap":{"0":{"start":{"line":1,"column":21},"end":{"line":1,"column":49}},"1":{"start":{"line":2,"column":25},"end":{"line":2,"column":53}},"2":{"start":{"line":3,"column":15},"end":{"line":3,"column":34}},"3":{"start":{"line":4,"column":22},"end":{"line":4,"column":47}},"4":{"start":{"line":8,"column":4},"end":{"line":10,"column":5}},"5":{"start":{"line":9,"column":6},"end":{"line":9,"column":42}},"6":{"start":{"line":12,"column":4},"end":{"line":14,"column":5}},"7":{"start":{"line":13,"column":6},"end":{"line":13,"column":43}},"8":{"start":{"line":16,"column":20},"end":{"line":16,"column":70}},"9":{"start":{"line":17,"column":4},"end":{"line":19,"column":5}},"10":{"start":{"line":18,"column":6},"end":{"line":18,"column":46}},"11":{"start":{"line":21,"column":4},"end":{"line":23,"column":5}},"12":{"start":{"line":22,"column":6},"end":{"line":22,"column":46}},"13":{"start":{"line":25,"column":24},"end":{"line":27,"column":40}},"14":{"start":{"line":29,"column":4},"end":{"line":31,"column":5}},"15":{"start":{"line":30,"column":6},"end":{"line":30,"column":50}},"16":{"start":{"line":33,"column":4},"end":{"line":35,"column":5}},"17":{"start":{"line":34,"column":6},"end":{"line":34,"column":61}},"18":{"start":{"line":36,"column":4},"end":{"line":36,"column":54}},"19":{"start":{"line":37,"column":4},"end":{"line":37,"column":65}},"20":{"start":{"line":43,"column":4},"end":{"line":45,"column":5}},"21":{"start":{"line":44,"column":6},"end":{"line":44,"column":43}},"22":{"start":{"line":46,"column":4},"end":{"line":48,"column":5}},"23":{"start":{"line":47,"column":6},"end":{"line":47,"column":46}},"24":{"start":{"line":50,"column":21},"end":{"line":52,"column":37}},"25":{"start":{"line":53,"column":4},"end":{"line":55,"column":5}},"26":{"start":{"line":54,"column":6},"end":{"line":54,"column":48}},"27":{"start":{"line":57,"column":28},"end":{"line":60,"column":5}},"28":{"start":{"line":61,"column":4},"end":{"line":63,"column":5}},"29":{"start":{"line":62,"column":6},"end":{"line":62,"column":48}},"30":{"start":{"line":65,"column":25},"end":{"line":65,"column":57}},"31":{"start":{"line":67,"column":4},"end":{"line":67,"column":28}},"32":{"start":{"line":71,"column":0},"end":{"line":71,"column":22}}},"fnMap":{"0":{"name":"(anonymous_0)","decl":{"start":{"line":7,"column":2},"end":{"line":7,"column":3}},"loc":{"start":{"line":7,"column":33},"end":{"line":38,"column":3}},"line":7},"1":{"name":"(anonymous_1)","decl":{"start":{"line":40,"column":2},"end":{"line":40,"column":3}},"loc":{"start":{"line":40,"column":27},"end":{"line":68,"column":3}},"line":40}},"branchMap":{"0":{"loc":{"start":{"line":8,"column":4},"end":{"line":10,"column":5}},"type":"if","locations":[{"start":{"line":8,"column":4},"end":{"line":10,"column":5}},{"start":{},"end":{}}],"line":8},"1":{"loc":{"start":{"line":12,"column":4},"end":{"line":14,"column":5}},"type":"if","locations":[{"start":{"line":12,"column":4},"end":{"line":14,"column":5}},{"start":{},"end":{}}],"line":12},"2":{"loc":{"start":{"line":17,"column":4},"end":{"line":19,"column":5}},"type":"if","locations":[{"start":{"line":17,"column":4},"end":{"line":19,"column":5}},{"start":{},"end":{}}],"line":17},"3":{"loc":{"start":{"line":21,"column":4},"end":{"line":23,"column":5}},"type":"if","locations":[{"start":{"line":21,"column":4},"end":{"line":23,"column":5}},{"start":{},"end":{}}],"line":21},"4":{"loc":{"start":{"line":29,"column":4},"end":{"line":31,"column":5}},"type":"if","locations":[{"start":{"line":29,"column":4},"end":{"line":31,"column":5}},{"start":{},"end":{}}],"line":29},"5":{"loc":{"start":{"line":33,"column":4},"end":{"line":35,"column":5}},"type":"if","locations":[{"start":{"line":33,"column":4},"end":{"line":35,"column":5}},{"start":{},"end":{}}],"line":33},"6":{"loc":{"start":{"line":43,"column":4},"end":{"line":45,"column":5}},"type":"if","locations":[{"start":{"line":43,"column":4},"end":{"line":45,"column":5}},{"start":{},"end":{}}],"line":43},"7":{"loc":{"start":{"line":46,"column":4},"end":{"line":48,"column":5}},"type":"if","locations":[{"start":{"line":46,"column":4},"end":{"line":48,"column":5}},{"start":{},"end":{}}],"line":46},"8":{"loc":{"start":{"line":53,"column":4},"end":{"line":55,"column":5}},"type":"if","locations":[{"start":{"line":53,"column":4},"end":{"line":55,"column":5}},{"start":{},"end":{}}],"line":53},"9":{"loc":{"start":{"line":61,"column":4},"end":{"line":63,"column":5}},"type":"if","locations":[{"start":{"line":61,"column":4},"end":{"line":63,"column":5}},{"start":{},"end":{}}],"line":61}},"s":{"0":1,"1":1,"2":1,"3":1,"4":7,"5":1,"6":6,"7":1,"8":5,"9":5,"10":1,"11":4,"12":1,"13":3,"14":3,"15":1,"16":2,"17":1,"18":1,"19":1,"20":5,"21":1,"22":4,"23":1,"24":3,"25":3,"26":1,"27":2,"28":2,"29":1,"30":1,"31":1,"32":1},"f":{"0":7,"1":5},"b":{"0":[1,6],"1":[1,5],"2":[1,4],"3":[1,3],"4":[1,2],"5":[1,1],"6":[1,4],"7":[1,3],"8":[1,2],"9":[1,1]},"_coverageSchema":"1a1c01bbd47fc00a2c39e90264f33305004495a9","hash":"b2931845b53a389e633d68ae520700bc3fda427e"}
,"C:\\Yugo\\Hacktiv8\\Phase 3\\Week 3\\Final Project\\V6\\Waroeng-App-Server\\server\\schema\\item.js": {"path":"C:\\Yugo\\Hacktiv8\\Phase 3\\Week 3\\Final Project\\V6\\Waroeng-App-Server\\server\\schema\\item.js","statementMap":{"0":{"start":{"line":1,"column":21},"end":{"line":1,"column":39}},"1":{"start":{"line":2,"column":13},"end":{"line":2,"column":44}},"2":{"start":{"line":4,"column":15},"end":{"line":20,"column":1}},"3":{"start":{"line":22,"column":17},"end":{"line":51,"column":1}},"4":{"start":{"line":53,"column":18},"end":{"line":184,"column":1}},"5":{"start":{"line":56,"column":6},"end":{"line":56,"column":30}},"6":{"start":{"line":58,"column":6},"end":{"line":60,"column":7}},"7":{"start":{"line":59,"column":8},"end":{"line":59,"column":52}},"8":{"start":{"line":62,"column":20},"end":{"line":62,"column":65}},"9":{"start":{"line":63,"column":6},"end":{"line":63,"column":19}},"10":{"start":{"line":66,"column":6},"end":{"line":66,"column":30}},"11":{"start":{"line":68,"column":6},"end":{"line":70,"column":7}},"12":{"start":{"line":69,"column":8},"end":{"line":69,"column":66}},"13":{"start":{"line":71,"column":19},"end":{"line":74,"column":7}},"14":{"start":{"line":75,"column":6},"end":{"line":75,"column":18}},"15":{"start":{"line":96,"column":6},"end":{"line":96,"column":30}},"16":{"start":{"line":98,"column":6},"end":{"line":110,"column":7}},"17":{"start":{"line":109,"column":8},"end":{"line":109,"column":73}},"18":{"start":{"line":112,"column":22},"end":{"line":123,"column":7}},"19":{"start":{"line":126,"column":19},"end":{"line":126,"column":49}},"20":{"start":{"line":128,"column":6},"end":{"line":130,"column":7}},"21":{"start":{"line":129,"column":8},"end":{"line":129,"column":23}},"22":{"start":{"line":149,"column":6},"end":{"line":149,"column":30}},"23":{"start":{"line":151,"column":6},"end":{"line":163,"column":7}},"24":{"start":{"line":162,"column":8},"end":{"line":162,"column":73}},"25":{"start":{"line":165,"column":26},"end":{"line":176,"column":7}},"26":{"start":{"line":178,"column":19},"end":{"line":178,"column":53}},"27":{"start":{"line":181,"column":6},"end":{"line":181,"column":18}},"28":{"start":{"line":186,"column":0},"end":{"line":186,"column":41}}},"fnMap":{"0":{"name":"(anonymous_0)","decl":{"start":{"line":55,"column":17},"end":{"line":55,"column":18}},"loc":{"start":{"line":55,"column":62},"end":{"line":64,"column":5}},"line":55},"1":{"name":"(anonymous_1)","decl":{"start":{"line":65,"column":17},"end":{"line":65,"column":18}},"loc":{"start":{"line":65,"column":73},"end":{"line":76,"column":5}},"line":65},"2":{"name":"(anonymous_2)","decl":{"start":{"line":80,"column":16},"end":{"line":80,"column":17}},"loc":{"start":{"line":95,"column":9},"end":{"line":131,"column":5}},"line":95},"3":{"name":"(anonymous_3)","decl":{"start":{"line":133,"column":16},"end":{"line":133,"column":17}},"loc":{"start":{"line":148,"column":9},"end":{"line":182,"column":5}},"line":148}},"branchMap":{"0":{"loc":{"start":{"line":58,"column":6},"end":{"line":60,"column":7}},"type":"if","locations":[{"start":{"line":58,"column":6},"end":{"line":60,"column":7}},{"start":{},"end":{}}],"line":58},"1":{"loc":{"start":{"line":68,"column":6},"end":{"line":70,"column":7}},"type":"if","locations":[{"start":{"line":68,"column":6},"end":{"line":70,"column":7}},{"start":{},"end":{}}],"line":68},"2":{"loc":{"start":{"line":68,"column":10},"end":{"line":68,"column":32}},"type":"binary-expr","locations":[{"start":{"line":68,"column":10},"end":{"line":68,"column":18}},{"start":{"line":68,"column":22},"end":{"line":68,"column":32}}],"line":68},"3":{"loc":{"start":{"line":98,"column":6},"end":{"line":110,"column":7}},"type":"if","locations":[{"start":{"line":98,"column":6},"end":{"line":110,"column":7}},{"start":{},"end":{}}],"line":98},"4":{"loc":{"start":{"line":99,"column":8},"end":{"line":107,"column":16}},"type":"binary-expr","locations":[{"start":{"line":99,"column":8},"end":{"line":99,"column":13}},{"start":{"line":100,"column":8},"end":{"line":100,"column":17}},{"start":{"line":101,"column":8},"end":{"line":101,"column":20}},{"start":{"line":102,"column":8},"end":{"line":102,"column":17}},{"start":{"line":103,"column":8},"end":{"line":103,"column":14}},{"start":{"line":104,"column":8},"end":{"line":104,"column":17}},{"start":{"line":105,"column":8},"end":{"line":105,"column":18}},{"start":{"line":106,"column":8},"end":{"line":106,"column":18}},{"start":{"line":107,"column":8},"end":{"line":107,"column":16}}],"line":99},"5":{"loc":{"start":{"line":128,"column":6},"end":{"line":130,"column":7}},"type":"if","locations":[{"start":{"line":128,"column":6},"end":{"line":130,"column":7}},{"start":{},"end":{}}],"line":128},"6":{"loc":{"start":{"line":151,"column":6},"end":{"line":163,"column":7}},"type":"if","locations":[{"start":{"line":151,"column":6},"end":{"line":163,"column":7}},{"start":{},"end":{}}],"line":151},"7":{"loc":{"start":{"line":152,"column":8},"end":{"line":160,"column":16}},"type":"binary-expr","locations":[{"start":{"line":152,"column":8},"end":{"line":152,"column":13}},{"start":{"line":153,"column":8},"end":{"line":153,"column":17}},{"start":{"line":154,"column":8},"end":{"line":154,"column":20}},{"start":{"line":155,"column":8},"end":{"line":155,"column":17}},{"start":{"line":156,"column":8},"end":{"line":156,"column":14}},{"start":{"line":157,"column":8},"end":{"line":157,"column":17}},{"start":{"line":158,"column":8},"end":{"line":158,"column":18}},{"start":{"line":159,"column":8},"end":{"line":159,"column":18}},{"start":{"line":160,"column":8},"end":{"line":160,"column":16}}],"line":152}},"s":{"0":1,"1":1,"2":1,"3":1,"4":1,"5":0,"6":0,"7":0,"8":0,"9":0,"10":0,"11":0,"12":0,"13":0,"14":0,"15":0,"16":0,"17":0,"18":0,"19":0,"20":0,"21":0,"22":0,"23":0,"24":0,"25":0,"26":0,"27":0,"28":1},"f":{"0":0,"1":0,"2":0,"3":0},"b":{"0":[0,0],"1":[0,0],"2":[0,0],"3":[0,0],"4":[0,0,0,0,0,0,0,0,0],"5":[0,0],"6":[0,0],"7":[0,0,0,0,0,0,0,0,0]},"_coverageSchema":"1a1c01bbd47fc00a2c39e90264f33305004495a9","hash":"a2fca3af8b56183457cfa2b4af60fd46853d3e36"}
,"C:\\Yugo\\Hacktiv8\\Phase 3\\Week 3\\Final Project\\V6\\Waroeng-App-Server\\server\\schema\\report.js": {"path":"C:\\Yugo\\Hacktiv8\\Phase 3\\Week 3\\Final Project\\V6\\Waroeng-App-Server\\server\\schema\\report.js","statementMap":{"0":{"start":{"line":1,"column":21},"end":{"line":1,"column":39}},"1":{"start":{"line":2,"column":15},"end":{"line":2,"column":48}},"2":{"start":{"line":4,"column":17},"end":{"line":36,"column":1}},"3":{"start":{"line":38,"column":18},"end":{"line":56,"column":1}},"4":{"start":{"line":41,"column":6},"end":{"line":41,"column":26}},"5":{"start":{"line":42,"column":19},"end":{"line":42,"column":75}},"6":{"start":{"line":43,"column":6},"end":{"line":43,"column":20}},"7":{"start":{"line":46,"column":6},"end":{"line":46,"column":26}},"8":{"start":{"line":47,"column":19},"end":{"line":47,"column":77}},"9":{"start":{"line":48,"column":6},"end":{"line":48,"column":20}},"10":{"start":{"line":51,"column":6},"end":{"line":51,"column":26}},"11":{"start":{"line":52,"column":19},"end":{"line":52,"column":76}},"12":{"start":{"line":53,"column":6},"end":{"line":53,"column":20}},"13":{"start":{"line":58,"column":0},"end":{"line":58,"column":41}}},"fnMap":{"0":{"name":"(anonymous_0)","decl":{"start":{"line":40,"column":20},"end":{"line":40,"column":21}},"loc":{"start":{"line":40,"column":66},"end":{"line":44,"column":5}},"line":40},"1":{"name":"(anonymous_1)","decl":{"start":{"line":45,"column":22},"end":{"line":45,"column":23}},"loc":{"start":{"line":45,"column":68},"end":{"line":49,"column":5}},"line":45},"2":{"name":"(anonymous_2)","decl":{"start":{"line":50,"column":21},"end":{"line":50,"column":22}},"loc":{"start":{"line":50,"column":67},"end":{"line":54,"column":5}},"line":50}},"branchMap":{},"s":{"0":1,"1":1,"2":1,"3":1,"4":0,"5":0,"6":0,"7":0,"8":0,"9":0,"10":0,"11":0,"12":0,"13":1},"f":{"0":0,"1":0,"2":0},"b":{},"_coverageSchema":"1a1c01bbd47fc00a2c39e90264f33305004495a9","hash":"888d3ed9997274a3e87f5b872323c5abf9a94b48"}
,"C:\\Yugo\\Hacktiv8\\Phase 3\\Week 3\\Final Project\\V6\\Waroeng-App-Server\\server\\schema\\store.js": {"path":"C:\\Yugo\\Hacktiv8\\Phase 3\\Week 3\\Final Project\\V6\\Waroeng-App-Server\\server\\schema\\store.js","statementMap":{"0":{"start":{"line":1,"column":14},"end":{"line":1,"column":40}},"1":{"start":{"line":2,"column":14},"end":{"line":2,"column":46}},"2":{"start":{"line":4,"column":17},"end":{"line":35,"column":1}},"3":{"start":{"line":37,"column":18},"end":{"line":111,"column":1}},"4":{"start":{"line":40,"column":6},"end":{"line":54,"column":7}},"5":{"start":{"line":41,"column":24},"end":{"line":41,"column":43}},"6":{"start":{"line":43,"column":22},"end":{"line":43,"column":47}},"7":{"start":{"line":44,"column":8},"end":{"line":46,"column":9}},"8":{"start":{"line":45,"column":10},"end":{"line":45,"column":35}},"9":{"start":{"line":48,"column":23},"end":{"line":48,"column":52}},"10":{"start":{"line":49,"column":8},"end":{"line":49,"column":58}},"11":{"start":{"line":51,"column":8},"end":{"line":51,"column":22}},"12":{"start":{"line":53,"column":8},"end":{"line":53,"column":27}},"13":{"start":{"line":57,"column":6},"end":{"line":57,"column":26}},"14":{"start":{"line":58,"column":22},"end":{"line":58,"column":26}},"15":{"start":{"line":59,"column":6},"end":{"line":59,"column":20}},"16":{"start":{"line":61,"column":20},"end":{"line":61,"column":49}},"17":{"start":{"line":63,"column":6},"end":{"line":63,"column":19}},"18":{"start":{"line":68,"column":22},"end":{"line":68,"column":41}},"19":{"start":{"line":69,"column":65},"end":{"line":69,"column":69}},"20":{"start":{"line":71,"column":23},"end":{"line":78,"column":7}},"21":{"start":{"line":80,"column":21},"end":{"line":80,"column":54}},"22":{"start":{"line":81,"column":6},"end":{"line":81,"column":22}},"23":{"start":{"line":84,"column":6},"end":{"line":84,"column":30}},"24":{"start":{"line":85,"column":70},"end":{"line":85,"column":74}},"25":{"start":{"line":86,"column":20},"end":{"line":93,"column":7}},"26":{"start":{"line":95,"column":6},"end":{"line":95,"column":19}},"27":{"start":{"line":99,"column":6},"end":{"line":99,"column":26}},"28":{"start":{"line":100,"column":22},"end":{"line":100,"column":26}},"29":{"start":{"line":102,"column":6},"end":{"line":102,"column":35}},"30":{"start":{"line":104,"column":22},"end":{"line":106,"column":7}},"31":{"start":{"line":108,"column":6},"end":{"line":108,"column":21}},"32":{"start":{"line":113,"column":0},"end":{"line":116,"column":2}}},"fnMap":{"0":{"name":"(anonymous_0)","decl":{"start":{"line":39,"column":18},"end":{"line":39,"column":19}},"loc":{"start":{"line":39,"column":51},"end":{"line":55,"column":5}},"line":39},"1":{"name":"(anonymous_1)","decl":{"start":{"line":56,"column":18},"end":{"line":56,"column":19}},"loc":{"start":{"line":56,"column":51},"end":{"line":64,"column":5}},"line":56},"2":{"name":"(anonymous_2)","decl":{"start":{"line":67,"column":17},"end":{"line":67,"column":18}},"loc":{"start":{"line":67,"column":50},"end":{"line":82,"column":5}},"line":67},"3":{"name":"(anonymous_3)","decl":{"start":{"line":83,"column":17},"end":{"line":83,"column":18}},"loc":{"start":{"line":83,"column":50},"end":{"line":96,"column":5}},"line":83},"4":{"name":"(anonymous_4)","decl":{"start":{"line":98,"column":17},"end":{"line":98,"column":18}},"loc":{"start":{"line":98,"column":50},"end":{"line":109,"column":5}},"line":98}},"branchMap":{"0":{"loc":{"start":{"line":44,"column":8},"end":{"line":46,"column":9}},"type":"if","locations":[{"start":{"line":44,"column":8},"end":{"line":46,"column":9}},{"start":{},"end":{}}],"line":44}},"s":{"0":1,"1":1,"2":1,"3":1,"4":0,"5":0,"6":0,"7":0,"8":0,"9":0,"10":0,"11":0,"12":0,"13":0,"14":0,"15":0,"16":0,"17":0,"18":0,"19":0,"20":0,"21":0,"22":0,"23":0,"24":0,"25":0,"26":0,"27":0,"28":0,"29":0,"30":0,"31":0,"32":1},"f":{"0":0,"1":0,"2":0,"3":0,"4":0},"b":{"0":[0,0]},"_coverageSchema":"1a1c01bbd47fc00a2c39e90264f33305004495a9","hash":"b5d1fc6bb5adb2a034782f071457eacc06bb3b72"}
,"C:\\Yugo\\Hacktiv8\\Phase 3\\Week 3\\Final Project\\V6\\Waroeng-App-Server\\server\\schema\\transaction.js": {"path":"C:\\Yugo\\Hacktiv8\\Phase 3\\Week 3\\Final Project\\V6\\Waroeng-App-Server\\server\\schema\\transaction.js","statementMap":{"0":{"start":{"line":1,"column":20},"end":{"line":1,"column":58}},"1":{"start":{"line":3,"column":21},"end":{"line":24,"column":1}},"2":{"start":{"line":26,"column":17},"end":{"line":55,"column":1}},"3":{"start":{"line":57,"column":18},"end":{"line":81,"column":1}},"4":{"start":{"line":60,"column":6},"end":{"line":60,"column":26}},"5":{"start":{"line":61,"column":26},"end":{"line":61,"column":30}},"6":{"start":{"line":62,"column":19},"end":{"line":62,"column":63}},"7":{"start":{"line":63,"column":6},"end":{"line":63,"column":20}},"8":{"start":{"line":66,"column":6},"end":{"line":66,"column":26}},"9":{"start":{"line":67,"column":41},"end":{"line":67,"column":45}},"10":{"start":{"line":68,"column":19},"end":{"line":68,"column":79}},"11":{"start":{"line":69,"column":6},"end":{"line":69,"column":20}},"12":{"start":{"line":74,"column":6},"end":{"line":74,"column":26}},"13":{"start":{"line":75,"column":39},"end":{"line":75,"column":43}},"14":{"start":{"line":76,"column":29},"end":{"line":76,"column":53}},"15":{"start":{"line":77,"column":18},"end":{"line":77,"column":66}},"16":{"start":{"line":78,"column":6},"end":{"line":78,"column":45}},"17":{"start":{"line":83,"column":0},"end":{"line":83,"column":41}}},"fnMap":{"0":{"name":"(anonymous_0)","decl":{"start":{"line":59,"column":23},"end":{"line":59,"column":24}},"loc":{"start":{"line":59,"column":61},"end":{"line":64,"column":5}},"line":59},"1":{"name":"(anonymous_1)","decl":{"start":{"line":65,"column":24},"end":{"line":65,"column":25}},"loc":{"start":{"line":65,"column":62},"end":{"line":70,"column":5}},"line":65},"2":{"name":"(anonymous_2)","decl":{"start":{"line":73,"column":20},"end":{"line":73,"column":21}},"loc":{"start":{"line":73,"column":58},"end":{"line":79,"column":5}},"line":73}},"branchMap":{},"s":{"0":1,"1":1,"2":1,"3":1,"4":0,"5":0,"6":0,"7":0,"8":0,"9":0,"10":0,"11":0,"12":0,"13":0,"14":0,"15":0,"16":0,"17":1},"f":{"0":0,"1":0,"2":0},"b":{},"_coverageSchema":"1a1c01bbd47fc00a2c39e90264f33305004495a9","hash":"c26b648d750c84b335da0949d1bf1aa495ad0096"}
,"C:\\Yugo\\Hacktiv8\\Phase 3\\Week 3\\Final Project\\V6\\Waroeng-App-Server\\server\\schema\\user.js": {"path":"C:\\Yugo\\Hacktiv8\\Phase 3\\Week 3\\Final Project\\V6\\Waroeng-App-Server\\server\\schema\\user.js","statementMap":{"0":{"start":{"line":1,"column":13},"end":{"line":1,"column":44}},"1":{"start":{"line":3,"column":14},"end":{"line":16,"column":1}},"2":{"start":{"line":18,"column":17},"end":{"line":38,"column":1}},"3":{"start":{"line":40,"column":18},"end":{"line":58,"column":1}},"4":{"start":{"line":42,"column":17},"end":{"line":42,"column":22}},"5":{"start":{"line":46,"column":40},"end":{"line":46,"column":44}},"6":{"start":{"line":47,"column":22},"end":{"line":47,"column":47}},"7":{"start":{"line":48,"column":6},"end":{"line":48,"column":35}},"8":{"start":{"line":49,"column":6},"end":{"line":49,"column":21}},"9":{"start":{"line":52,"column":34},"end":{"line":52,"column":38}},"10":{"start":{"line":53,"column":19},"end":{"line":53,"column":38}},"11":{"start":{"line":54,"column":19},"end":{"line":54,"column":41}},"12":{"start":{"line":55,"column":6},"end":{"line":55,"column":20}},"13":{"start":{"line":60,"column":0},"end":{"line":60,"column":41}}},"fnMap":{"0":{"name":"(anonymous_0)","decl":{"start":{"line":42,"column":11},"end":{"line":42,"column":12}},"loc":{"start":{"line":42,"column":17},"end":{"line":42,"column":22}},"line":42},"1":{"name":"(anonymous_1)","decl":{"start":{"line":45,"column":14},"end":{"line":45,"column":15}},"loc":{"start":{"line":45,"column":38},"end":{"line":50,"column":5}},"line":45},"2":{"name":"(anonymous_2)","decl":{"start":{"line":51,"column":11},"end":{"line":51,"column":12}},"loc":{"start":{"line":51,"column":35},"end":{"line":56,"column":5}},"line":51}},"branchMap":{},"s":{"0":1,"1":1,"2":1,"3":1,"4":1,"5":7,"6":7,"7":7,"8":1,"9":5,"10":5,"11":5,"12":1,"13":1},"f":{"0":1,"1":7,"2":5},"b":{},"_coverageSchema":"1a1c01bbd47fc00a2c39e90264f33305004495a9","hash":"9e14c4508676ac94b7d0aa35f5ce5ca4d37501a7"}
}
