TN:
SF:index.js
FN:34,createApolloServer
FN:55,(anonymous_1)
FN:57,(anonymous_2)
FNF:3
FNH:2
FNDA:1,createApolloServer
FNDA:13,(anonymous_1)
FNDA:0,(anonymous_2)
DA:1,1
DA:2,1
DA:5,1
DA:6,1
DA:11,1
DA:12,1
DA:17,1
DA:22,1
DA:27,1
DA:32,1
DA:35,1
DA:53,1
DA:56,13
DA:58,0
DA:59,0
DA:60,0
DA:63,0
DA:64,0
DA:65,0
DA:68,0
DA:69,0
DA:74,1
DA:75,1
DA:81,1
DA:82,0
DA:85,1
LF:26
LH:17
BRDA:1,0,0,1
BRDA:1,0,1,0
BRDA:34,1,0,0
BRDA:59,2,0,0
BRDA:59,2,1,0
BRDA:64,3,0,0
BRDA:64,3,1,0
BRDA:81,4,0,0
BRDA:81,4,1,1
BRF:9
BRH:2
end_of_record
TN:
SF:config\mongodb.js
FNF:0
FNH:0
DA:1,1
DA:2,1
DA:4,1
DA:12,1
DA:14,1
DA:15,1
DA:28,1
LF:7
LH:7
BRDA:14,0,0,1
BRDA:14,0,1,0
BRF:2
BRH:1
end_of_record
TN:
SF:config\redis.js
FNF:0
FNH:0
DA:1,1
DA:3,1
DA:11,1
LF:3
LH:3
BRF:0
BRH:0
end_of_record
TN:
SF:helpers\bcrypt.js
FN:5,hashPassword
FNF:1
FNH:1
FNDA:2,hashPassword
DA:1,1
DA:3,1
DA:6,2
DA:9,1
LF:4
LH:4
BRF:0
BRH:0
end_of_record
TN:
SF:helpers\jwt.js
FN:6,signToken
FN:10,verifyToken
FNF:2
FNH:1
FNDA:1,signToken
FNDA:0,verifyToken
DA:1,1
DA:2,1
DA:4,1
DA:7,1
DA:11,0
DA:14,1
LF:6
LH:5
BRF:0
BRH:0
end_of_record
TN:
SF:helpers\profitReport.js
FN:1,(anonymous_0)
FN:3,(anonymous_1)
FNF:2
FNH:0
FNDA:0,(anonymous_0)
FNDA:0,(anonymous_1)
DA:1,1
DA:2,0
DA:4,0
DA:5,0
DA:6,0
DA:7,0
DA:8,0
DA:9,0
DA:11,0
DA:12,0
DA:18,1
LF:11
LH:2
BRDA:4,0,0,0
BRDA:4,0,1,0
BRDA:7,1,0,0
BRDA:7,1,1,0
BRF:4
BRH:0
end_of_record
TN:
SF:models\ItemModels.js
FN:4,(anonymous_0)
FN:7,(anonymous_1)
FN:13,(anonymous_2)
FN:21,(anonymous_3)
FN:26,(anonymous_4)
FNF:5
FNH:0
FNDA:0,(anonymous_0)
FNDA:0,(anonymous_1)
FNDA:0,(anonymous_2)
FNDA:0,(anonymous_3)
FNDA:0,(anonymous_4)
DA:1,1
DA:5,0
DA:8,0
DA:10,0
DA:14,0
DA:18,0
DA:23,0
DA:29,0
DA:34,0
DA:36,0
DA:37,0
DA:38,0
DA:43,1
LF:13
LH:2
BRDA:37,0,0,0
BRDA:37,0,1,0
BRF:2
BRH:0
end_of_record
TN:
SF:models\ReportModels.js
FN:29,(anonymous_0)
FN:33,(anonymous_1)
FN:44,(anonymous_2)
FN:94,(anonymous_3)
FN:103,(anonymous_4)
FN:115,(anonymous_5)
FNF:6
FNH:0
FNDA:0,(anonymous_0)
FNDA:0,(anonymous_1)
FNDA:0,(anonymous_2)
FNDA:0,(anonymous_3)
FNDA:0,(anonymous_4)
FNDA:0,(anonymous_5)
DA:1,1
DA:2,1
DA:4,1
DA:30,0
DA:34,0
DA:45,0
DA:47,0
DA:49,0
DA:58,0
DA:64,0
DA:76,0
DA:80,0
DA:81,0
DA:84,0
DA:95,0
DA:96,0
DA:97,0
DA:98,0
DA:99,0
DA:104,0
DA:105,0
DA:106,0
DA:107,0
DA:108,0
DA:109,0
DA:110,0
DA:111,0
DA:116,0
DA:117,0
DA:118,0
DA:119,0
DA:120,0
DA:121,0
DA:123,0
DA:127,1
LF:35
LH:4
BRDA:76,0,0,0
BRDA:76,0,1,0
BRDA:77,1,0,0
BRDA:77,1,1,0
BRF:4
BRH:0
end_of_record
TN:
SF:models\StoreModels.js
FN:6,(anonymous_0)
FN:10,(anonymous_1)
FN:23,(anonymous_2)
FN:29,(anonymous_3)
FN:46,(anonymous_4)
FN:67,(anonymous_5)
FNF:6
FNH:0
FNDA:0,(anonymous_0)
FNDA:0,(anonymous_1)
FNDA:0,(anonymous_2)
FNDA:0,(anonymous_3)
FNDA:0,(anonymous_4)
FNDA:0,(anonymous_5)
DA:1,1
DA:2,1
DA:3,1
DA:7,0
DA:11,0
DA:20,0
DA:24,0
DA:26,0
DA:30,0
DA:31,0
DA:33,0
DA:34,0
DA:35,0
DA:36,0
DA:37,0
DA:39,0
DA:41,0
DA:43,0
DA:47,0
DA:48,0
DA:62,0
DA:64,0
DA:68,0
DA:72,1
LF:24
LH:4
BRDA:33,0,0,0
BRDA:33,0,1,0
BRDA:34,1,0,0
BRDA:34,1,1,0
BRDA:35,2,0,0
BRDA:35,2,1,0
BRDA:36,3,0,0
BRDA:36,3,1,0
BRDA:37,4,0,0
BRDA:37,4,1,0
BRF:10
BRH:0
end_of_record
TN:
SF:models\TransactionModels.js
FN:5,(anonymous_0)
FN:45,(anonymous_1)
FN:60,(anonymous_2)
FN:68,(anonymous_3)
FNF:4
FNH:0
FNDA:0,(anonymous_0)
FNDA:0,(anonymous_1)
FNDA:0,(anonymous_2)
FNDA:0,(anonymous_3)
DA:1,1
DA:2,1
DA:6,0
DA:7,0
DA:10,0
DA:11,0
DA:14,0
DA:15,0
DA:16,0
DA:19,0
DA:20,0
DA:22,0
DA:24,0
DA:32,0
DA:33,0
DA:35,0
DA:37,0
DA:45,0
DA:46,0
DA:47,0
DA:50,0
DA:57,0
DA:61,0
DA:65,0
DA:69,0
DA:75,0
DA:79,1
LF:27
LH:3
BRDA:6,0,0,0
BRDA:6,0,1,0
BRDA:10,1,0,0
BRDA:10,1,1,0
BRDA:19,2,0,0
BRDA:19,2,1,0
BRDA:32,3,0,0
BRDA:32,3,1,0
BRF:8
BRH:0
end_of_record
TN:
SF:models\UserModels.js
FN:7,(anonymous_0)
FN:40,(anonymous_1)
FNF:2
FNH:2
FNDA:7,(anonymous_0)
FNDA:5,(anonymous_1)
DA:1,1
DA:2,1
DA:3,1
DA:4,1
DA:8,7
DA:9,1
DA:12,6
DA:13,1
DA:16,5
DA:17,5
DA:18,1
DA:21,4
DA:22,1
DA:25,3
DA:29,3
DA:30,1
DA:33,2
DA:34,1
DA:36,1
DA:37,1
DA:43,5
DA:44,1
DA:46,4
DA:47,1
DA:50,3
DA:53,3
DA:54,1
DA:57,2
DA:61,2
DA:62,1
DA:65,1
DA:70,1
DA:74,1
LF:33
LH:33
BRDA:8,0,0,1
BRDA:8,0,1,6
BRDA:12,1,0,1
BRDA:12,1,1,5
BRDA:17,2,0,1
BRDA:17,2,1,4
BRDA:21,3,0,1
BRDA:21,3,1,3
BRDA:29,4,0,1
BRDA:29,4,1,2
BRDA:33,5,0,1
BRDA:33,5,1,1
BRDA:43,6,0,1
BRDA:43,6,1,4
BRDA:46,7,0,1
BRDA:46,7,1,3
BRDA:53,8,0,1
BRDA:53,8,1,2
BRDA:61,9,0,1
BRDA:61,9,1,1
BRF:20
BRH:20
end_of_record
TN:
SF:schema\item.js
FN:55,(anonymous_0)
FN:65,(anonymous_1)
FN:80,(anonymous_2)
FN:133,(anonymous_3)
FNF:4
FNH:0
FNDA:0,(anonymous_0)
FNDA:0,(anonymous_1)
FNDA:0,(anonymous_2)
FNDA:0,(anonymous_3)
DA:1,1
DA:2,1
DA:4,1
DA:22,1
DA:53,1
DA:56,0
DA:58,0
DA:59,0
DA:62,0
DA:63,0
DA:66,0
DA:68,0
DA:69,0
DA:71,0
DA:75,0
DA:96,0
DA:98,0
DA:109,0
DA:112,0
DA:126,0
DA:128,0
DA:129,0
DA:149,0
DA:151,0
DA:162,0
DA:165,0
DA:178,0
DA:181,0
DA:186,1
LF:29
LH:6
BRDA:58,0,0,0
BRDA:58,0,1,0
BRDA:68,1,0,0
BRDA:68,1,1,0
BRDA:68,2,0,0
BRDA:68,2,1,0
BRDA:98,3,0,0
BRDA:98,3,1,0
BRDA:99,4,0,0
BRDA:99,4,1,0
BRDA:99,4,2,0
BRDA:99,4,3,0
BRDA:99,4,4,0
BRDA:99,4,5,0
BRDA:99,4,6,0
BRDA:99,4,7,0
BRDA:99,4,8,0
BRDA:128,5,0,0
BRDA:128,5,1,0
BRDA:151,6,0,0
BRDA:151,6,1,0
BRDA:152,7,0,0
BRDA:152,7,1,0
BRDA:152,7,2,0
BRDA:152,7,3,0
BRDA:152,7,4,0
BRDA:152,7,5,0
BRDA:152,7,6,0
BRDA:152,7,7,0
BRDA:152,7,8,0
BRF:30
BRH:0
end_of_record
TN:
SF:schema\report.js
FN:40,(anonymous_0)
FN:45,(anonymous_1)
FN:50,(anonymous_2)
FNF:3
FNH:0
FNDA:0,(anonymous_0)
FNDA:0,(anonymous_1)
FNDA:0,(anonymous_2)
DA:1,1
DA:2,1
DA:4,1
DA:38,1
DA:41,0
DA:42,0
DA:43,0
DA:46,0
DA:47,0
DA:48,0
DA:51,0
DA:52,0
DA:53,0
DA:58,1
LF:14
LH:5
BRF:0
BRH:0
end_of_record
TN:
SF:schema\store.js
FN:39,(anonymous_0)
FN:56,(anonymous_1)
FN:67,(anonymous_2)
FN:83,(anonymous_3)
FN:98,(anonymous_4)
FNF:5
FNH:0
FNDA:0,(anonymous_0)
FNDA:0,(anonymous_1)
FNDA:0,(anonymous_2)
FNDA:0,(anonymous_3)
FNDA:0,(anonymous_4)
DA:1,1
DA:2,1
DA:4,1
DA:37,1
DA:40,0
DA:41,0
DA:43,0
DA:44,0
DA:45,0
DA:48,0
DA:49,0
DA:51,0
DA:53,0
DA:57,0
DA:58,0
DA:59,0
DA:61,0
DA:63,0
DA:68,0
DA:69,0
DA:71,0
DA:80,0
DA:81,0
DA:84,0
DA:85,0
DA:86,0
DA:95,0
DA:99,0
DA:100,0
DA:102,0
DA:104,0
DA:108,0
DA:113,1
LF:33
LH:5
BRDA:44,0,0,0
BRDA:44,0,1,0
BRF:2
BRH:0
end_of_record
TN:
SF:schema\transaction.js
FN:59,(anonymous_0)
FN:65,(anonymous_1)
FN:73,(anonymous_2)
FNF:3
FNH:0
FNDA:0,(anonymous_0)
FNDA:0,(anonymous_1)
FNDA:0,(anonymous_2)
DA:1,1
DA:3,1
DA:26,1
DA:57,1
DA:60,0
DA:61,0
DA:62,0
DA:63,0
DA:66,0
DA:67,0
DA:68,0
DA:69,0
DA:74,0
DA:75,0
DA:76,0
DA:77,0
DA:78,0
DA:83,1
LF:18
LH:5
BRF:0
BRH:0
end_of_record
TN:
SF:schema\user.js
FN:43,(anonymous_0)
FN:46,(anonymous_1)
FN:52,(anonymous_2)
FNF:3
FNH:3
FNDA:1,(anonymous_0)
FNDA:7,(anonymous_1)
FNDA:5,(anonymous_2)
DA:1,1
DA:3,1
DA:18,1
DA:41,1
DA:43,1
DA:47,7
DA:48,7
DA:49,7
DA:50,1
DA:53,5
DA:54,5
DA:55,5
DA:56,1
DA:61,1
LF:14
LH:14
BRF:0
BRH:0
end_of_record
